[debug] [2020-03-11T19:02:18.377Z] ----------------------------------------------------------------------
[debug] [2020-03-11T19:02:18.405Z] Command:       C:\Program Files\nodejs\node.exe C:\Users\Henrik\AppData\Roaming\npm\node_modules\firebase-tools\lib\bin\firebase.js init
[debug] [2020-03-11T19:02:18.406Z] CLI Version:   7.14.0
[debug] [2020-03-11T19:02:18.406Z] Platform:      win32
[debug] [2020-03-11T19:02:18.406Z] Node Version:  v13.7.0
[debug] [2020-03-11T19:02:18.410Z] Time:          Wed Mar 11 2020 20:02:18 GMT+0100 (Mitteleuropäische Normalzeit)
[debug] [2020-03-11T19:02:18.410Z] ----------------------------------------------------------------------
[debug] [2020-03-11T19:02:18.410Z] 
[debug] [2020-03-11T19:02:18.435Z] > command requires scopes: ["email","openid","https://www.googleapis.com/auth/cloudplatformprojects.readonly","https://www.googleapis.com/auth/firebase","https://www.googleapis.com/auth/cloud-platform"]
[debug] [2020-03-11T19:02:18.437Z] > authorizing via signed-in user
[info] 
     ######## #### ########  ######## ########     ###     ######  ########
     ##        ##  ##     ## ##       ##     ##  ##   ##  ##       ##
     ######    ##  ########  ######   ########  #########  ######  ######
     ##        ##  ##    ##  ##       ##     ## ##     ##       ## ##
     ##       #### ##     ## ######## ########  ##     ##  ######  ########

You're about to initialize a Firebase project in this directory:

  C:\xampp\htdocs\veloking\rg-client

Before we get started, keep in mind:

  * You are currently outside your home directory

[info] 
=== Project Setup
[info] 
[info] First, let's associate this project directory with a Firebase project.
[info] You can create multiple project aliases by running firebase use --add, 
[info] but for now we'll just set up a default project.
[info] 
[debug] [2020-03-11T19:02:52.690Z] >>> HTTP REQUEST GET https://firebase.googleapis.com/v1beta1/projects?pageSize=100  
 
[debug] [2020-03-11T19:02:53.107Z] <<< HTTP RESPONSE 200
[info] i  Using project rentalguard-8de4d (Rentalguard)
[info] 
=== Hosting Setup
[info] 
[info] Your public directory is the folder (relative to your project directory) that
[info] will contain Hosting assets to be uploaded with firebase deploy. If you
[info] have a build process for your assets, use your build's output directory.
[info] 
